::1 - - [30/Jan/2022:10:24:57 +0200] "GET /index.php HTTP/1.1" 200 12464
::1 - - [30/Jan/2022:10:24:59 +0200] "GET /images/logo.svg HTTP/1.1" 304 -
::1 - - [30/Jan/2022:10:25:00 +0200] "GET /favicon.ico HTTP/1.1" 404 209
::1 - - [30/Jan/2022:10:52:09 +0200] "GET /phpmyadmin/db_structure.php?db=library HTTP/1.1" 200 3442
::1 - - [30/Jan/2022:10:52:12 +0200] "GET /phpmyadmin/phpmyadmin.css.php?nocache=4528362818ltr&server=1 HTTP/1.1" 200 20133
::1 - - [30/Jan/2022:10:52:12 +0200] "GET /phpmyadmin/js/messages.php?l=ro&v=4.7.5 HTTP/1.1" 200 10158
::1 - - [30/Jan/2022:10:52:12 +0200] "GET /phpmyadmin/js/get_scripts.js.php?scripts%5B%5D=navigation.js&scripts%5B%5D=indexes.js&scripts%5B%5D=common.js&scripts%5B%5D=page_settings.js&scripts%5B%5D=shortcuts_handler.js&scripts%5B%5D=codemirror/lib/codemirror.js&scripts%5B%5D=codemirror/mode/sql/sql.js&scripts%5B%5D=codemirror/addon/runmode/runmode.js&scripts%5B%5D=codemirror/addon/hint/show-hint.js&scripts%5B%5D=codemirror/addon/hint/sql-hint.js&v=4.7.5 HTTP/1.1" 200 135447
::1 - - [30/Jan/2022:10:52:12 +0200] "GET /phpmyadmin/js/get_scripts.js.php?scripts%5B%5D=codemirror/addon/lint/lint.js&scripts%5B%5D=codemirror/addon/lint/sql-lint.js&scripts%5B%5D=console.js&v=4.7.5 HTTP/1.1" 200 13176
::1 - - [30/Jan/2022:10:52:12 +0200] "GET /phpmyadmin/js/get_scripts.js.php?scripts%5B%5D=jquery/jquery.min.js&scripts%5B%5D=jquery/jquery-migrate-3.0.0.js&scripts%5B%5D=sprintf.js&scripts%5B%5D=ajax.js&scripts%5B%5D=keyhandler.js&scripts%5B%5D=jquery/jquery-ui.min.js&scripts%5B%5D=jquery/jquery.cookie.js&scripts%5B%5D=jquery/jquery.mousewheel.js&scripts%5B%5D=jquery/jquery.event.drag-2.2.js&scripts%5B%5D=jquery/jquery-ui-timepicker-addon.js&v=4.7.5 HTTP/1.1" 200 138876
::1 - - [30/Jan/2022:10:52:12 +0200] "GET /phpmyadmin/js/get_scripts.js.php?scripts%5B%5D=jquery/jquery.ba-hashchange-1.3.js&scripts%5B%5D=jquery/jquery.debounce-1.0.5.js&scripts%5B%5D=menu-resizer.js&scripts%5B%5D=cross_framing_protection.js&scripts%5B%5D=rte.js&scripts%5B%5D=tracekit/tracekit.js&scripts%5B%5D=error_report.js&scripts%5B%5D=config.js&scripts%5B%5D=doclinks.js&scripts%5B%5D=functions.js&v=4.7.5 HTTP/1.1" 200 77087
::1 - - [30/Jan/2022:10:52:12 +0200] "GET /phpmyadmin/js/whitelist.php?v=4.7.5 HTTP/1.1" 200 475
::1 - - [30/Jan/2022:10:52:12 +0200] "GET /phpmyadmin/js/get_image.js.php?theme=pmahomme&v=4.7.5 HTTP/1.1" 200 1841
::1 - - [30/Jan/2022:10:52:17 +0200] "POST /phpmyadmin/index.php HTTP/1.1" 302 25
::1 - - [30/Jan/2022:10:52:18 +0200] "GET /phpmyadmin/index.php?db=library&target=db_structure.php HTTP/1.1" 200 13038
::1 - - [30/Jan/2022:10:52:20 +0200] "GET /phpmyadmin/js/get_scripts.js.php?scripts%5B%5D=navigation.js&scripts%5B%5D=indexes.js&scripts%5B%5D=common.js&scripts%5B%5D=page_settings.js&scripts%5B%5D=shortcuts_handler.js&scripts%5B%5D=db_structure.js&scripts%5B%5D=tbl_change.js&scripts%5B%5D=codemirror/lib/codemirror.js&scripts%5B%5D=codemirror/mode/sql/sql.js&scripts%5B%5D=codemirror/addon/runmode/runmode.js&v=4.7.5 HTTP/1.1" 200 139482
::1 - - [30/Jan/2022:10:52:20 +0200] "GET /phpmyadmin/js/get_scripts.js.php?scripts%5B%5D=codemirror/addon/hint/show-hint.js&scripts%5B%5D=codemirror/addon/hint/sql-hint.js&scripts%5B%5D=codemirror/addon/lint/lint.js&scripts%5B%5D=codemirror/addon/lint/sql-lint.js&scripts%5B%5D=console.js&v=4.7.5 HTTP/1.1" 200 19147
::1 - - [30/Jan/2022:10:52:20 +0200] "GET /phpmyadmin/phpmyadmin.css.php?nocache=6169858268ltr&server=1 HTTP/1.1" 200 20133
::1 - - [30/Jan/2022:10:52:21 +0200] "POST /phpmyadmin/navigation.php?ajax_request=1 HTTP/1.1" 200 2076
::1 - - [30/Jan/2022:10:52:22 +0200] "GET /phpmyadmin/navigation.php?ajax_request=1&aPath=cm9vdA%3D%3D.bGlicmFyeQ%3D%3D&vPath=cm9vdA%3D%3D.bGlicmFyeQ%3D%3D&pos=0&pos2_name=&pos2_value=&searchClause=&searchClause2=&_nocache=1643532742520872303 HTTP/1.1" 200 2138
::1 - - [30/Jan/2022:10:52:33 +0200] "GET /phpmyadmin/sql.php?server=1&db=library&table=inventory&pos=0&ajax_request=true&ajax_page_request=true&_nocache=1643532753467400149 HTTP/1.1" 200 10182
::1 - - [30/Jan/2022:10:52:35 +0200] "GET /phpmyadmin/js/get_scripts.js.php?scripts%5B%5D=jquery/jquery.uitablefilter.js&scripts%5B%5D=gis_data_editor.js&scripts%5B%5D=multi_column_sort.js&scripts%5B%5D=makegrid.js&scripts%5B%5D=sql.js&call_done=1&v=4.7.5&call_done=1&v=4.7.5 HTTP/1.1" 200 32297
::1 - - [30/Jan/2022:10:52:35 +0200] "GET /phpmyadmin/index.php?ajax_request=1&recent_table=1&no_debug=true&_nocache=164353275562521130 HTTP/1.1" 200 1537
::1 - - [30/Jan/2022:10:52:59 +0200] "GET /phpmyadmin/tbl_export.php?db=library&table=inventory&single_table=true&ajax_request=true&ajax_page_request=true&_nocache=1643532779794461672 HTTP/1.1" 200 12521
::1 - - [30/Jan/2022:10:53:05 +0200] "GET /phpmyadmin/js/get_scripts.js.php?scripts%5B%5D=export.js&call_done=1&v=4.7.5&call_done=1&v=4.7.5 HTTP/1.1" 200 6322
::1 - - [30/Jan/2022:10:53:05 +0200] "GET /phpmyadmin/index.php?ajax_request=1&recent_table=1&no_debug=true&_nocache=1643532785942775270 HTTP/1.1" 200 1537
::1 - - [30/Jan/2022:10:53:15 +0200] "POST /phpmyadmin/export.php HTTP/1.1" 200 4092
::1 - - [30/Jan/2022:10:58:15 +0200] "GET /phpmyadmin/export.php?ajax_request=true&token=3e0e258a7b41418cebc27e6adf36bf2a&check_time_out=true&_nocache=1643533095877792343 HTTP/1.1" 200 1391
::1 - - [30/Jan/2022:11:07:34 +0200] "GET /index.php HTTP/1.1" 200 12464
::1 - - [30/Jan/2022:11:08:24 +0200] "GET /index.php HTTP/1.1" 200 12464
::1 - - [30/Jan/2022:11:08:35 +0200] "GET /index.php HTTP/1.1" 200 12464
::1 - - [30/Jan/2022:11:09:35 +0200] "-" 408 -
