PHP Warning:  PHP Startup: Unable to load dynamic library 'C:/Users/bianc/OneDrive/Documente/GitHub/DataWarehouse/usbwebserver\\php\\ext\\php_curl.dll' - The specified module could not be found.\r\n in Unknown on line 0
[Sat Jan 29 01:44:34.601090 2022] [mpm_winnt:notice] [pid 19768:tid 776] AH00455: Apache/2.4.29 (Win32) PHP/7.1.11 configured -- resuming normal operations
[Sat Jan 29 01:44:34.609116 2022] [mpm_winnt:notice] [pid 19768:tid 776] AH00456: Server built: Nov  3 2017 01:01:54
[Sat Jan 29 01:44:34.609116 2022] [core:notice] [pid 19768:tid 776] AH00094: Command line: 'C:\\Users\\bianc\\OneDrive\\Documente\\GitHub\\DataWarehouse\\usbwebserver/apache2/bin/httpd_usbwv8.exe -d C:/Users/bianc/OneDrive/Documente/GitHub/DataWarehouse/usbwebserver/apache2'
[Sat Jan 29 01:44:34.628088 2022] [mpm_winnt:notice] [pid 19768:tid 776] AH00418: Parent: Created child process 19208
PHP Warning:  PHP Startup: Unable to load dynamic library 'C:/Users/bianc/OneDrive/Documente/GitHub/DataWarehouse/usbwebserver\\php\\ext\\php_curl.dll' - The specified module could not be found.\r\n in Unknown on line 0
[Sat Jan 29 01:44:35.581020 2022] [mpm_winnt:notice] [pid 19208:tid 812] AH00354: Child: Starting 64 worker threads.
[Sat Jan 29 01:44:51.254803 2022] [php7:warn] [pid 19208:tid 1244] [client ::1:52384] PHP Warning:  Unknown: failed to open stream: No such file or directory in Unknown on line 0
[Sat Jan 29 01:44:51.254803 2022] [php7:error] [pid 19208:tid 1244] [client ::1:52384] PHP Fatal error:  Unknown: Failed opening required 'C:/Users/bianc/OneDrive/Documente/GitHub/DataWarehouse/usbwebserver/root/index.php' (include_path='.;C:\\php\\pear') in Unknown on line 0
[Sat Jan 29 01:44:57.035024 2022] [php7:warn] [pid 19208:tid 1240] [client ::1:52385] PHP Warning:  Unknown: failed to open stream: No such file or directory in Unknown on line 0
[Sat Jan 29 01:44:57.035024 2022] [php7:error] [pid 19208:tid 1240] [client ::1:52385] PHP Fatal error:  Unknown: Failed opening required 'C:/Users/bianc/OneDrive/Documente/GitHub/DataWarehouse/usbwebserver/root/index.php' (include_path='.;C:\\php\\pear') in Unknown on line 0
[Sat Jan 29 01:45:13.476633 2022] [php7:warn] [pid 19208:tid 1244] [client ::1:52386] PHP Warning:  Unknown: failed to open stream: No such file or directory in Unknown on line 0
[Sat Jan 29 01:45:13.477630 2022] [php7:error] [pid 19208:tid 1244] [client ::1:52386] PHP Fatal error:  Unknown: Failed opening required 'C:/Users/bianc/OneDrive/Documente/GitHub/DataWarehouse/usbwebserver/root/index.php' (include_path='.;C:\\php\\pear') in Unknown on line 0
[Sat Jan 29 01:45:14.076960 2022] [php7:warn] [pid 19208:tid 1240] [client ::1:52387] PHP Warning:  Unknown: failed to open stream: No such file or directory in Unknown on line 0
[Sat Jan 29 01:45:14.076960 2022] [php7:error] [pid 19208:tid 1240] [client ::1:52387] PHP Fatal error:  Unknown: Failed opening required 'C:/Users/bianc/OneDrive/Documente/GitHub/DataWarehouse/usbwebserver/root/index.php' (include_path='.;C:\\php\\pear') in Unknown on line 0
[Sat Jan 29 01:45:14.531354 2022] [php7:warn] [pid 19208:tid 1244] [client ::1:52388] PHP Warning:  Unknown: failed to open stream: No such file or directory in Unknown on line 0
[Sat Jan 29 01:45:14.531354 2022] [php7:error] [pid 19208:tid 1244] [client ::1:52388] PHP Fatal error:  Unknown: Failed opening required 'C:/Users/bianc/OneDrive/Documente/GitHub/DataWarehouse/usbwebserver/root/index.php' (include_path='.;C:\\php\\pear') in Unknown on line 0
[Sat Jan 29 01:46:11.371421 2022] [core:warn] [pid 18264:tid 652] AH00098: pid file C:/Users/bianc/OneDrive/Documente/GitHub/DataWarehouse/usbwebserver/apache2/logs/httpd.pid overwritten -- Unclean shutdown of previous Apache run?
PHP Warning:  PHP Startup: Unable to load dynamic library 'C:/Users/bianc/OneDrive/Documente/GitHub/DataWarehouse/usbwebserver\\php\\ext\\php_curl.dll' - The specified module could not be found.\r\n in Unknown on line 0
[Sat Jan 29 01:46:11.404333 2022] [mpm_winnt:notice] [pid 18264:tid 652] AH00455: Apache/2.4.29 (Win32) PHP/7.1.11 configured -- resuming normal operations
[Sat Jan 29 01:46:11.405330 2022] [mpm_winnt:notice] [pid 18264:tid 652] AH00456: Server built: Nov  3 2017 01:01:54
[Sat Jan 29 01:46:11.405330 2022] [core:notice] [pid 18264:tid 652] AH00094: Command line: 'C:\\Users\\bianc\\OneDrive\\Documente\\GitHub\\DataWarehouse\\usbwebserver/apache2/bin/httpd_usbwv8.exe -d C:/Users/bianc/OneDrive/Documente/GitHub/DataWarehouse/usbwebserver/apache2'
[Sat Jan 29 01:46:11.412311 2022] [mpm_winnt:notice] [pid 18264:tid 652] AH00418: Parent: Created child process 7004
PHP Warning:  PHP Startup: Unable to load dynamic library 'C:/Users/bianc/OneDrive/Documente/GitHub/DataWarehouse/usbwebserver\\php\\ext\\php_curl.dll' - The specified module could not be found.\r\n in Unknown on line 0
[Sat Jan 29 01:46:12.275155 2022] [mpm_winnt:notice] [pid 7004:tid 756] AH00354: Child: Starting 64 worker threads.
[Sat Jan 29 01:46:13.751874 2022] [php7:warn] [pid 7004:tid 1244] [client ::1:52392] PHP Warning:  Unknown: failed to open stream: No such file or directory in Unknown on line 0
[Sat Jan 29 01:46:13.751874 2022] [php7:error] [pid 7004:tid 1244] [client ::1:52392] PHP Fatal error:  Unknown: Failed opening required 'C:/Users/bianc/OneDrive/Documente/GitHub/DataWarehouse/usbwebserver/root/index.php' (include_path='.;C:\\php\\pear') in Unknown on line 0
[Sat Jan 29 01:46:23.312869 2022] [php7:warn] [pid 7004:tid 1240] [client ::1:52393] PHP Warning:  Unknown: failed to open stream: No such file or directory in Unknown on line 0
[Sat Jan 29 01:46:23.313862 2022] [php7:error] [pid 7004:tid 1240] [client ::1:52393] PHP Fatal error:  Unknown: Failed opening required 'C:/Users/bianc/OneDrive/Documente/GitHub/DataWarehouse/usbwebserver/root/index.php' (include_path='.;C:\\php\\pear') in Unknown on line 0
[Sat Jan 29 01:46:26.454548 2022] [php7:warn] [pid 7004:tid 1244] [client ::1:52397] PHP Warning:  Unknown: failed to open stream: No such file or directory in Unknown on line 0
[Sat Jan 29 01:46:26.454548 2022] [php7:error] [pid 7004:tid 1244] [client ::1:52397] PHP Fatal error:  Unknown: Failed opening required 'C:/Users/bianc/OneDrive/Documente/GitHub/DataWarehouse/usbwebserver/root/index.php' (include_path='.;C:\\php\\pear') in Unknown on line 0
[Sat Jan 29 01:47:15.372575 2022] [php7:warn] [pid 7004:tid 1244] [client ::1:52401] PHP Warning:  Unknown: failed to open stream: No such file or directory in Unknown on line 0
[Sat Jan 29 01:47:15.373571 2022] [php7:error] [pid 7004:tid 1244] [client ::1:52401] PHP Fatal error:  Unknown: Failed opening required 'C:/Users/bianc/OneDrive/Documente/GitHub/DataWarehouse/usbwebserver/root/index.php' (include_path='.;C:\\php\\pear') in Unknown on line 0
[Sat Jan 29 01:47:55.254574 2022] [core:warn] [pid 9280:tid 600] AH00098: pid file C:/Users/bianc/OneDrive/Documente/GitHub/DataWarehouse/usbwebserver/apache2/logs/httpd.pid overwritten -- Unclean shutdown of previous Apache run?
PHP Warning:  PHP Startup: Unable to load dynamic library 'C:/Users/bianc/OneDrive/Documente/GitHub/DataWarehouse/usbwebserver\\php\\ext\\php_curl.dll' - The specified module could not be found.\r\n in Unknown on line 0
[Sat Jan 29 01:47:55.285523 2022] [mpm_winnt:notice] [pid 9280:tid 600] AH00455: Apache/2.4.29 (Win32) PHP/7.1.11 configured -- resuming normal operations
[Sat Jan 29 01:47:55.285523 2022] [mpm_winnt:notice] [pid 9280:tid 600] AH00456: Server built: Nov  3 2017 01:01:54
[Sat Jan 29 01:47:55.286525 2022] [core:notice] [pid 9280:tid 600] AH00094: Command line: 'C:\\Users\\bianc\\OneDrive\\Documente\\GitHub\\DataWarehouse\\usbwebserver/apache2/bin/httpd_usbwv8.exe -d C:/Users/bianc/OneDrive/Documente/GitHub/DataWarehouse/usbwebserver/apache2'
[Sat Jan 29 01:47:55.292513 2022] [mpm_winnt:notice] [pid 9280:tid 600] AH00418: Parent: Created child process 9096
PHP Warning:  PHP Startup: Unable to load dynamic library 'C:/Users/bianc/OneDrive/Documente/GitHub/DataWarehouse/usbwebserver\\php\\ext\\php_curl.dll' - The specified module could not be found.\r\n in Unknown on line 0
[Sat Jan 29 01:47:56.234524 2022] [mpm_winnt:notice] [pid 9096:tid 776] AH00354: Child: Starting 64 worker threads.
[Sat Jan 29 01:48:02.228396 2022] [php7:warn] [pid 9096:tid 1244] [client ::1:52417] PHP Warning:  Unknown: failed to open stream: No such file or directory in Unknown on line 0
[Sat Jan 29 01:48:02.228396 2022] [php7:error] [pid 9096:tid 1244] [client ::1:52417] PHP Fatal error:  Unknown: Failed opening required 'C:/Users/bianc/OneDrive/Documente/GitHub/DataWarehouse/usbwebserver/root/index.php' (include_path='.;C:\\php\\pear') in Unknown on line 0
[Sat Jan 29 01:48:02.956670 2022] [php7:warn] [pid 9096:tid 1240] [client ::1:52418] PHP Warning:  Unknown: failed to open stream: No such file or directory in Unknown on line 0
[Sat Jan 29 01:48:02.957687 2022] [php7:error] [pid 9096:tid 1240] [client ::1:52418] PHP Fatal error:  Unknown: Failed opening required 'C:/Users/bianc/OneDrive/Documente/GitHub/DataWarehouse/usbwebserver/root/index.php' (include_path='.;C:\\php\\pear') in Unknown on line 0
[Sat Jan 29 01:48:03.403545 2022] [php7:warn] [pid 9096:tid 1244] [client ::1:52420] PHP Warning:  Unknown: failed to open stream: No such file or directory in Unknown on line 0
[Sat Jan 29 01:48:03.403545 2022] [php7:error] [pid 9096:tid 1244] [client ::1:52420] PHP Fatal error:  Unknown: Failed opening required 'C:/Users/bianc/OneDrive/Documente/GitHub/DataWarehouse/usbwebserver/root/index.php' (include_path='.;C:\\php\\pear') in Unknown on line 0
[Sat Jan 29 01:48:03.570504 2022] [php7:warn] [pid 9096:tid 1240] [client ::1:52421] PHP Warning:  Unknown: failed to open stream: No such file or directory in Unknown on line 0
[Sat Jan 29 01:48:03.570504 2022] [php7:error] [pid 9096:tid 1240] [client ::1:52421] PHP Fatal error:  Unknown: Failed opening required 'C:/Users/bianc/OneDrive/Documente/GitHub/DataWarehouse/usbwebserver/root/index.php' (include_path='.;C:\\php\\pear') in Unknown on line 0
[Sat Jan 29 01:48:03.723677 2022] [php7:warn] [pid 9096:tid 1244] [client ::1:52422] PHP Warning:  Unknown: failed to open stream: No such file or directory in Unknown on line 0
[Sat Jan 29 01:48:03.723677 2022] [php7:error] [pid 9096:tid 1244] [client ::1:52422] PHP Fatal error:  Unknown: Failed opening required 'C:/Users/bianc/OneDrive/Documente/GitHub/DataWarehouse/usbwebserver/root/index.php' (include_path='.;C:\\php\\pear') in Unknown on line 0
[Sat Jan 29 01:48:03.892357 2022] [php7:warn] [pid 9096:tid 1240] [client ::1:52423] PHP Warning:  Unknown: failed to open stream: No such file or directory in Unknown on line 0
[Sat Jan 29 01:48:03.892357 2022] [php7:error] [pid 9096:tid 1240] [client ::1:52423] PHP Fatal error:  Unknown: Failed opening required 'C:/Users/bianc/OneDrive/Documente/GitHub/DataWarehouse/usbwebserver/root/index.php' (include_path='.;C:\\php\\pear') in Unknown on line 0
[Sat Jan 29 01:48:04.065799 2022] [php7:warn] [pid 9096:tid 1244] [client ::1:52424] PHP Warning:  Unknown: failed to open stream: No such file or directory in Unknown on line 0
[Sat Jan 29 01:48:04.065799 2022] [php7:error] [pid 9096:tid 1244] [client ::1:52424] PHP Fatal error:  Unknown: Failed opening required 'C:/Users/bianc/OneDrive/Documente/GitHub/DataWarehouse/usbwebserver/root/index.php' (include_path='.;C:\\php\\pear') in Unknown on line 0
[Sat Jan 29 01:48:04.223773 2022] [php7:warn] [pid 9096:tid 1240] [client ::1:52425] PHP Warning:  Unknown: failed to open stream: No such file or directory in Unknown on line 0
[Sat Jan 29 01:48:04.224774 2022] [php7:error] [pid 9096:tid 1240] [client ::1:52425] PHP Fatal error:  Unknown: Failed opening required 'C:/Users/bianc/OneDrive/Documente/GitHub/DataWarehouse/usbwebserver/root/index.php' (include_path='.;C:\\php\\pear') in Unknown on line 0
[Sat Jan 29 01:48:04.931912 2022] [php7:warn] [pid 9096:tid 1244] [client ::1:52426] PHP Warning:  Unknown: failed to open stream: No such file or directory in Unknown on line 0
[Sat Jan 29 01:48:04.931912 2022] [php7:error] [pid 9096:tid 1244] [client ::1:52426] PHP Fatal error:  Unknown: Failed opening required 'C:/Users/bianc/OneDrive/Documente/GitHub/DataWarehouse/usbwebserver/root/index.php' (include_path='.;C:\\php\\pear') in Unknown on line 0
[Sat Jan 29 01:48:05.272142 2022] [php7:warn] [pid 9096:tid 1240] [client ::1:52427] PHP Warning:  Unknown: failed to open stream: No such file or directory in Unknown on line 0
[Sat Jan 29 01:48:05.272142 2022] [php7:error] [pid 9096:tid 1240] [client ::1:52427] PHP Fatal error:  Unknown: Failed opening required 'C:/Users/bianc/OneDrive/Documente/GitHub/DataWarehouse/usbwebserver/root/index.php' (include_path='.;C:\\php\\pear') in Unknown on line 0
[Sat Jan 29 01:48:05.456656 2022] [php7:warn] [pid 9096:tid 1244] [client ::1:52428] PHP Warning:  Unknown: failed to open stream: No such file or directory in Unknown on line 0
[Sat Jan 29 01:48:05.456656 2022] [php7:error] [pid 9096:tid 1244] [client ::1:52428] PHP Fatal error:  Unknown: Failed opening required 'C:/Users/bianc/OneDrive/Documente/GitHub/DataWarehouse/usbwebserver/root/index.php' (include_path='.;C:\\php\\pear') in Unknown on line 0
[Sat Jan 29 01:48:05.781926 2022] [php7:warn] [pid 9096:tid 1240] [client ::1:52429] PHP Warning:  Unknown: failed to open stream: No such file or directory in Unknown on line 0
[Sat Jan 29 01:48:05.781926 2022] [php7:error] [pid 9096:tid 1240] [client ::1:52429] PHP Fatal error:  Unknown: Failed opening required 'C:/Users/bianc/OneDrive/Documente/GitHub/DataWarehouse/usbwebserver/root/index.php' (include_path='.;C:\\php\\pear') in Unknown on line 0
[Sat Jan 29 01:48:06.146444 2022] [php7:warn] [pid 9096:tid 1244] [client ::1:52430] PHP Warning:  Unknown: failed to open stream: No such file or directory in Unknown on line 0
[Sat Jan 29 01:48:06.146444 2022] [php7:error] [pid 9096:tid 1244] [client ::1:52430] PHP Fatal error:  Unknown: Failed opening required 'C:/Users/bianc/OneDrive/Documente/GitHub/DataWarehouse/usbwebserver/root/index.php' (include_path='.;C:\\php\\pear') in Unknown on line 0
[Sat Jan 29 01:48:32.733281 2022] [php7:warn] [pid 9096:tid 1240] [client ::1:52431] PHP Warning:  Unknown: failed to open stream: No such file or directory in Unknown on line 0
[Sat Jan 29 01:48:32.733281 2022] [php7:error] [pid 9096:tid 1240] [client ::1:52431] PHP Fatal error:  Unknown: Failed opening required 'C:/Users/bianc/OneDrive/Documente/GitHub/DataWarehouse/usbwebserver/root/index.php' (include_path='.;C:\\php\\pear') in Unknown on line 0
[Sat Jan 29 01:48:32.879972 2022] [php7:warn] [pid 9096:tid 1244] [client ::1:52434] PHP Warning:  Unknown: failed to open stream: No such file or directory in Unknown on line 0
[Sat Jan 29 01:48:32.879972 2022] [php7:error] [pid 9096:tid 1244] [client ::1:52434] PHP Fatal error:  Unknown: Failed opening required 'C:/Users/bianc/OneDrive/Documente/GitHub/DataWarehouse/usbwebserver/root/index.php' (include_path='.;C:\\php\\pear') in Unknown on line 0
[Sat Jan 29 01:48:33.027701 2022] [php7:warn] [pid 9096:tid 1240] [client ::1:52435] PHP Warning:  Unknown: failed to open stream: No such file or directory in Unknown on line 0
[Sat Jan 29 01:48:33.028726 2022] [php7:error] [pid 9096:tid 1240] [client ::1:52435] PHP Fatal error:  Unknown: Failed opening required 'C:/Users/bianc/OneDrive/Documente/GitHub/DataWarehouse/usbwebserver/root/index.php' (include_path='.;C:\\php\\pear') in Unknown on line 0
[Sat Jan 29 01:48:33.190413 2022] [php7:warn] [pid 9096:tid 1244] [client ::1:52436] PHP Warning:  Unknown: failed to open stream: No such file or directory in Unknown on line 0
[Sat Jan 29 01:48:33.190413 2022] [php7:error] [pid 9096:tid 1244] [client ::1:52436] PHP Fatal error:  Unknown: Failed opening required 'C:/Users/bianc/OneDrive/Documente/GitHub/DataWarehouse/usbwebserver/root/index.php' (include_path='.;C:\\php\\pear') in Unknown on line 0
[Sat Jan 29 01:48:33.421644 2022] [php7:warn] [pid 9096:tid 1240] [client ::1:52437] PHP Warning:  Unknown: failed to open stream: No such file or directory in Unknown on line 0
[Sat Jan 29 01:48:33.421644 2022] [php7:error] [pid 9096:tid 1240] [client ::1:52437] PHP Fatal error:  Unknown: Failed opening required 'C:/Users/bianc/OneDrive/Documente/GitHub/DataWarehouse/usbwebserver/root/index.php' (include_path='.;C:\\php\\pear') in Unknown on line 0
[Sat Jan 29 01:48:51.170943 2022] [php7:warn] [pid 9096:tid 1244] [client ::1:52438] PHP Warning:  Unknown: failed to open stream: No such file or directory in Unknown on line 0
[Sat Jan 29 01:48:51.170943 2022] [php7:error] [pid 9096:tid 1244] [client ::1:52438] PHP Fatal error:  Unknown: Failed opening required 'C:/Users/bianc/OneDrive/Documente/GitHub/DataWarehouse/usbwebserver/root/index.php' (include_path='.;C:\\php\\pear') in Unknown on line 0
