2022-01-29 01:43:41 15392 [Note] Plugin 'FEDERATED' is disabled.
2022-01-29 01:43:41 15392 [Note] InnoDB: Using atomics to ref count buffer pool pages
2022-01-29 01:43:41 15392 [Note] InnoDB: The InnoDB memory heap is disabled
2022-01-29 01:43:41 15392 [Note] InnoDB: Mutexes and rw_locks use Windows interlocked functions
2022-01-29 01:43:41 15392 [Note] InnoDB: Memory barrier is not used
2022-01-29 01:43:41 15392 [Note] InnoDB: Compressed tables use zlib 1.2.3
2022-01-29 01:43:41 15392 [Note] InnoDB: Not using CPU crc32 instructions
2022-01-29 01:43:41 15392 [Note] InnoDB: Initializing buffer pool, size = 128.0M
2022-01-29 01:43:42 15392 [Note] InnoDB: Completed initialization of buffer pool
2022-01-29 01:43:42 15392 [Note] InnoDB: Highest supported file format is Barracuda.
2022-01-29 01:43:42 15392 [Note] InnoDB: The log sequence numbers 1626134 and 1626134 in ibdata files do not match the log sequence number 2753924 in the ib_logfiles!
2022-01-29 01:43:42 15392 [Note] InnoDB: Database was not shutdown normally!
2022-01-29 01:43:42 15392 [Note] InnoDB: Starting crash recovery.
2022-01-29 01:43:42 15392 [Note] InnoDB: Reading tablespace information from the .ibd files...
2022-01-29 01:43:42 15392 [Note] InnoDB: Restoring possible half-written data pages 
2022-01-29 01:43:42 15392 [Note] InnoDB: from the doublewrite buffer...
2022-01-29 01:43:43 15392 [Note] InnoDB: 128 rollback segment(s) are active.
2022-01-29 01:43:43 15392 [Note] InnoDB: Waiting for purge to start
2022-01-29 01:43:43 15392 [Note] InnoDB: 5.6.34 started; log sequence number 2753924
2022-01-29 01:43:43 15392 [Note] Server hostname (bind-address): '*'; port: 3306
2022-01-29 01:43:43 15392 [Note] IPv6 is available.
2022-01-29 01:43:43 15392 [Note]   - '::' resolves to '::';
2022-01-29 01:43:43 15392 [Note] Server socket created on IP: '::'.
2022-01-29 01:43:43 15392 [ERROR] Can't start server: Bind on TCP/IP port: No such file or directory
2022-01-29 01:43:43 15392 [ERROR] Do you already have another mysqld server running on port: 3306 ?
2022-01-29 01:43:43 15392 [ERROR] Aborting

2022-01-29 01:43:43 15392 [Note] Binlog end
2022-01-29 01:43:43 15392 [Note] Shutting down plugin 'partition'
2022-01-29 01:43:43 15392 [Note] Shutting down plugin 'PERFORMANCE_SCHEMA'
2022-01-29 01:43:44 15392 [Note] Shutting down plugin 'INNODB_SYS_DATAFILES'
2022-01-29 01:43:44 15392 [Note] Shutting down plugin 'INNODB_SYS_TABLESPACES'
2022-01-29 01:43:44 15392 [Note] Shutting down plugin 'INNODB_SYS_FOREIGN_COLS'
2022-01-29 01:43:44 15392 [Note] Shutting down plugin 'INNODB_SYS_FOREIGN'
2022-01-29 01:43:44 15392 [Note] Shutting down plugin 'INNODB_SYS_FIELDS'
2022-01-29 01:43:44 15392 [Note] Shutting down plugin 'INNODB_SYS_COLUMNS'
2022-01-29 01:43:44 15392 [Note] Shutting down plugin 'INNODB_SYS_INDEXES'
2022-01-29 01:43:44 15392 [Note] Shutting down plugin 'INNODB_SYS_TABLESTATS'
2022-01-29 01:43:44 15392 [Note] Shutting down plugin 'INNODB_SYS_TABLES'
2022-01-29 01:43:44 15392 [Note] Shutting down plugin 'INNODB_FT_INDEX_TABLE'
2022-01-29 01:43:44 15392 [Note] Shutting down plugin 'INNODB_FT_INDEX_CACHE'
2022-01-29 01:43:44 15392 [Note] Shutting down plugin 'INNODB_FT_CONFIG'
2022-01-29 01:43:44 15392 [Note] Shutting down plugin 'INNODB_FT_BEING_DELETED'
2022-01-29 01:43:44 15392 [Note] Shutting down plugin 'INNODB_FT_DELETED'
2022-01-29 01:43:44 15392 [Note] Shutting down plugin 'INNODB_FT_DEFAULT_STOPWORD'
2022-01-29 01:43:44 15392 [Note] Shutting down plugin 'INNODB_METRICS'
2022-01-29 01:43:44 15392 [Note] Shutting down plugin 'INNODB_BUFFER_POOL_STATS'
2022-01-29 01:43:44 15392 [Note] Shutting down plugin 'INNODB_BUFFER_PAGE_LRU'
2022-01-29 01:43:44 15392 [Note] Shutting down plugin 'INNODB_BUFFER_PAGE'
2022-01-29 01:43:44 15392 [Note] Shutting down plugin 'INNODB_CMP_PER_INDEX_RESET'
2022-01-29 01:43:44 15392 [Note] Shutting down plugin 'INNODB_CMP_PER_INDEX'
2022-01-29 01:43:44 15392 [Note] Shutting down plugin 'INNODB_CMPMEM_RESET'
2022-01-29 01:43:44 15392 [Note] Shutting down plugin 'INNODB_CMPMEM'
2022-01-29 01:43:44 15392 [Note] Shutting down plugin 'INNODB_CMP_RESET'
2022-01-29 01:43:44 15392 [Note] Shutting down plugin 'INNODB_CMP'
2022-01-29 01:43:44 15392 [Note] Shutting down plugin 'INNODB_LOCK_WAITS'
2022-01-29 01:43:44 15392 [Note] Shutting down plugin 'INNODB_LOCKS'
2022-01-29 01:43:44 15392 [Note] Shutting down plugin 'INNODB_TRX'
2022-01-29 01:43:44 15392 [Note] Shutting down plugin 'InnoDB'
2022-01-29 01:43:44 15392 [Note] InnoDB: FTS optimize thread exiting.
2022-01-29 01:43:44 15392 [Note] InnoDB: Starting shutdown...
2022-01-29 01:43:45 15392 [Note] InnoDB: Shutdown completed; log sequence number 2753934
2022-01-29 01:43:45 15392 [Note] Shutting down plugin 'BLACKHOLE'
2022-01-29 01:43:45 15392 [Note] Shutting down plugin 'ARCHIVE'
2022-01-29 01:43:45 15392 [Note] Shutting down plugin 'MRG_MYISAM'
2022-01-29 01:43:45 15392 [Note] Shutting down plugin 'MyISAM'
2022-01-29 01:43:45 15392 [Note] Shutting down plugin 'MEMORY'
2022-01-29 01:43:45 15392 [Note] Shutting down plugin 'CSV'
2022-01-29 01:43:45 15392 [Note] Shutting down plugin 'sha256_password'
2022-01-29 01:43:45 15392 [Note] Shutting down plugin 'mysql_old_password'
2022-01-29 01:43:45 15392 [Note] Shutting down plugin 'mysql_native_password'
2022-01-29 01:43:45 15392 [Note] Shutting down plugin 'binlog'
2022-01-29 01:43:45 15392 [Note] C:\Users\bianc\OneDrive\Documente\GitHub\DataWarehouse\usbwebserver/mysql/bin/mysqld_usbwv8.exe: Shutdown complete

2022-01-29 01:43:54 8080 [Note] Plugin 'FEDERATED' is disabled.
2022-01-29 01:43:54 8080 [Note] InnoDB: Using atomics to ref count buffer pool pages
2022-01-29 01:43:54 8080 [Note] InnoDB: The InnoDB memory heap is disabled
2022-01-29 01:43:54 8080 [Note] InnoDB: Mutexes and rw_locks use Windows interlocked functions
2022-01-29 01:43:54 8080 [Note] InnoDB: Memory barrier is not used
2022-01-29 01:43:54 8080 [Note] InnoDB: Compressed tables use zlib 1.2.3
2022-01-29 01:43:54 8080 [Note] InnoDB: Not using CPU crc32 instructions
2022-01-29 01:43:54 8080 [Note] InnoDB: Initializing buffer pool, size = 128.0M
2022-01-29 01:43:54 8080 [Note] InnoDB: Completed initialization of buffer pool
2022-01-29 01:43:54 8080 [Note] InnoDB: Highest supported file format is Barracuda.
2022-01-29 01:43:55 8080 [Note] InnoDB: 128 rollback segment(s) are active.
2022-01-29 01:43:55 8080 [Note] InnoDB: Waiting for purge to start
2022-01-29 01:43:55 8080 [Note] InnoDB: 5.6.34 started; log sequence number 2753934
2022-01-29 01:43:55 8080 [Note] Server hostname (bind-address): '*'; port: 3306
2022-01-29 01:43:55 8080 [Note] IPv6 is available.
2022-01-29 01:43:55 8080 [Note]   - '::' resolves to '::';
2022-01-29 01:43:55 8080 [Note] Server socket created on IP: '::'.
2022-01-29 01:43:55 8080 [ERROR] Can't start server: Bind on TCP/IP port: No such file or directory
2022-01-29 01:43:55 8080 [ERROR] Do you already have another mysqld server running on port: 3306 ?
2022-01-29 01:43:55 8080 [ERROR] Aborting

2022-01-29 01:43:55 8080 [Note] Binlog end
2022-01-29 01:43:55 8080 [Note] Shutting down plugin 'partition'
2022-01-29 01:43:55 8080 [Note] Shutting down plugin 'PERFORMANCE_SCHEMA'
2022-01-29 01:43:55 8080 [Note] Shutting down plugin 'INNODB_SYS_DATAFILES'
2022-01-29 01:43:55 8080 [Note] Shutting down plugin 'INNODB_SYS_TABLESPACES'
2022-01-29 01:43:55 8080 [Note] Shutting down plugin 'INNODB_SYS_FOREIGN_COLS'
2022-01-29 01:43:55 8080 [Note] Shutting down plugin 'INNODB_SYS_FOREIGN'
2022-01-29 01:43:55 8080 [Note] Shutting down plugin 'INNODB_SYS_FIELDS'
2022-01-29 01:43:55 8080 [Note] Shutting down plugin 'INNODB_SYS_COLUMNS'
2022-01-29 01:43:55 8080 [Note] Shutting down plugin 'INNODB_SYS_INDEXES'
2022-01-29 01:43:55 8080 [Note] Shutting down plugin 'INNODB_SYS_TABLESTATS'
2022-01-29 01:43:55 8080 [Note] Shutting down plugin 'INNODB_SYS_TABLES'
2022-01-29 01:43:55 8080 [Note] Shutting down plugin 'INNODB_FT_INDEX_TABLE'
2022-01-29 01:43:55 8080 [Note] Shutting down plugin 'INNODB_FT_INDEX_CACHE'
2022-01-29 01:43:55 8080 [Note] Shutting down plugin 'INNODB_FT_CONFIG'
2022-01-29 01:43:55 8080 [Note] Shutting down plugin 'INNODB_FT_BEING_DELETED'
2022-01-29 01:43:55 8080 [Note] Shutting down plugin 'INNODB_FT_DELETED'
2022-01-29 01:43:55 8080 [Note] Shutting down plugin 'INNODB_FT_DEFAULT_STOPWORD'
2022-01-29 01:43:55 8080 [Note] Shutting down plugin 'INNODB_METRICS'
2022-01-29 01:43:55 8080 [Note] Shutting down plugin 'INNODB_BUFFER_POOL_STATS'
2022-01-29 01:43:55 8080 [Note] Shutting down plugin 'INNODB_BUFFER_PAGE_LRU'
2022-01-29 01:43:55 8080 [Note] Shutting down plugin 'INNODB_BUFFER_PAGE'
2022-01-29 01:43:55 8080 [Note] Shutting down plugin 'INNODB_CMP_PER_INDEX_RESET'
2022-01-29 01:43:55 8080 [Note] Shutting down plugin 'INNODB_CMP_PER_INDEX'
2022-01-29 01:43:55 8080 [Note] Shutting down plugin 'INNODB_CMPMEM_RESET'
2022-01-29 01:43:55 8080 [Note] Shutting down plugin 'INNODB_CMPMEM'
2022-01-29 01:43:55 8080 [Note] Shutting down plugin 'INNODB_CMP_RESET'
2022-01-29 01:43:55 8080 [Note] Shutting down plugin 'INNODB_CMP'
2022-01-29 01:43:55 8080 [Note] Shutting down plugin 'INNODB_LOCK_WAITS'
2022-01-29 01:43:55 8080 [Note] Shutting down plugin 'INNODB_LOCKS'
2022-01-29 01:43:55 8080 [Note] Shutting down plugin 'INNODB_TRX'
2022-01-29 01:43:55 8080 [Note] Shutting down plugin 'InnoDB'
2022-01-29 01:43:55 8080 [Note] InnoDB: FTS optimize thread exiting.
2022-01-29 01:43:55 8080 [Note] InnoDB: Starting shutdown...
2022-01-29 01:43:56 8080 [Note] InnoDB: Shutdown completed; log sequence number 2753944
2022-01-29 01:43:56 8080 [Note] Shutting down plugin 'BLACKHOLE'
2022-01-29 01:43:56 8080 [Note] Shutting down plugin 'ARCHIVE'
2022-01-29 01:43:56 8080 [Note] Shutting down plugin 'MRG_MYISAM'
2022-01-29 01:43:56 8080 [Note] Shutting down plugin 'MyISAM'
2022-01-29 01:43:56 8080 [Note] Shutting down plugin 'MEMORY'
2022-01-29 01:43:56 8080 [Note] Shutting down plugin 'CSV'
2022-01-29 01:43:56 8080 [Note] Shutting down plugin 'sha256_password'
2022-01-29 01:43:56 8080 [Note] Shutting down plugin 'mysql_old_password'
2022-01-29 01:43:56 8080 [Note] Shutting down plugin 'mysql_native_password'
2022-01-29 01:43:56 8080 [Note] Shutting down plugin 'binlog'
2022-01-29 01:43:56 8080 [Note] C:\Users\bianc\OneDrive\Documente\GitHub\DataWarehouse\usbwebserver/mysql/bin/mysqld_usbwv8.exe: Shutdown complete

2022-01-29 01:45:08 8928 [Note] Plugin 'FEDERATED' is disabled.
2022-01-29 01:45:08 8928 [Note] InnoDB: Using atomics to ref count buffer pool pages
2022-01-29 01:45:08 8928 [Note] InnoDB: The InnoDB memory heap is disabled
2022-01-29 01:45:08 8928 [Note] InnoDB: Mutexes and rw_locks use Windows interlocked functions
2022-01-29 01:45:08 8928 [Note] InnoDB: Memory barrier is not used
2022-01-29 01:45:08 8928 [Note] InnoDB: Compressed tables use zlib 1.2.3
2022-01-29 01:45:08 8928 [Note] InnoDB: Not using CPU crc32 instructions
2022-01-29 01:45:08 8928 [Note] InnoDB: Initializing buffer pool, size = 128.0M
2022-01-29 01:45:08 8928 [Note] InnoDB: Completed initialization of buffer pool
2022-01-29 01:45:08 8928 [Note] InnoDB: Highest supported file format is Barracuda.
2022-01-29 01:45:09 8928 [Note] InnoDB: 128 rollback segment(s) are active.
2022-01-29 01:45:09 8928 [Note] InnoDB: Waiting for purge to start
2022-01-29 01:45:09 8928 [Note] InnoDB: 5.6.34 started; log sequence number 2753944
2022-01-29 01:45:09 8928 [Note] Server hostname (bind-address): '*'; port: 3306
2022-01-29 01:45:09 8928 [Note] IPv6 is available.
2022-01-29 01:45:09 8928 [Note]   - '::' resolves to '::';
2022-01-29 01:45:09 8928 [Note] Server socket created on IP: '::'.
2022-01-29 01:45:09 8928 [ERROR] Can't start server: Bind on TCP/IP port: No such file or directory
2022-01-29 01:45:09 8928 [ERROR] Do you already have another mysqld server running on port: 3306 ?
2022-01-29 01:45:09 8928 [ERROR] Aborting

2022-01-29 01:45:09 8928 [Note] Binlog end
2022-01-29 01:45:09 8928 [Note] Shutting down plugin 'partition'
2022-01-29 01:45:09 8928 [Note] Shutting down plugin 'PERFORMANCE_SCHEMA'
2022-01-29 01:45:09 8928 [Note] Shutting down plugin 'INNODB_SYS_DATAFILES'
2022-01-29 01:45:09 8928 [Note] Shutting down plugin 'INNODB_SYS_TABLESPACES'
2022-01-29 01:45:09 8928 [Note] Shutting down plugin 'INNODB_SYS_FOREIGN_COLS'
2022-01-29 01:45:09 8928 [Note] Shutting down plugin 'INNODB_SYS_FOREIGN'
2022-01-29 01:45:09 8928 [Note] Shutting down plugin 'INNODB_SYS_FIELDS'
2022-01-29 01:45:09 8928 [Note] Shutting down plugin 'INNODB_SYS_COLUMNS'
2022-01-29 01:45:09 8928 [Note] Shutting down plugin 'INNODB_SYS_INDEXES'
2022-01-29 01:45:09 8928 [Note] Shutting down plugin 'INNODB_SYS_TABLESTATS'
2022-01-29 01:45:09 8928 [Note] Shutting down plugin 'INNODB_SYS_TABLES'
2022-01-29 01:45:09 8928 [Note] Shutting down plugin 'INNODB_FT_INDEX_TABLE'
2022-01-29 01:45:09 8928 [Note] Shutting down plugin 'INNODB_FT_INDEX_CACHE'
2022-01-29 01:45:09 8928 [Note] Shutting down plugin 'INNODB_FT_CONFIG'
2022-01-29 01:45:09 8928 [Note] Shutting down plugin 'INNODB_FT_BEING_DELETED'
2022-01-29 01:45:09 8928 [Note] Shutting down plugin 'INNODB_FT_DELETED'
2022-01-29 01:45:09 8928 [Note] Shutting down plugin 'INNODB_FT_DEFAULT_STOPWORD'
2022-01-29 01:45:09 8928 [Note] Shutting down plugin 'INNODB_METRICS'
2022-01-29 01:45:09 8928 [Note] Shutting down plugin 'INNODB_BUFFER_POOL_STATS'
2022-01-29 01:45:09 8928 [Note] Shutting down plugin 'INNODB_BUFFER_PAGE_LRU'
2022-01-29 01:45:09 8928 [Note] Shutting down plugin 'INNODB_BUFFER_PAGE'
2022-01-29 01:45:09 8928 [Note] Shutting down plugin 'INNODB_CMP_PER_INDEX_RESET'
2022-01-29 01:45:09 8928 [Note] Shutting down plugin 'INNODB_CMP_PER_INDEX'
2022-01-29 01:45:09 8928 [Note] Shutting down plugin 'INNODB_CMPMEM_RESET'
2022-01-29 01:45:09 8928 [Note] Shutting down plugin 'INNODB_CMPMEM'
2022-01-29 01:45:09 8928 [Note] Shutting down plugin 'INNODB_CMP_RESET'
2022-01-29 01:45:09 8928 [Note] Shutting down plugin 'INNODB_CMP'
2022-01-29 01:45:09 8928 [Note] Shutting down plugin 'INNODB_LOCK_WAITS'
2022-01-29 01:45:09 8928 [Note] Shutting down plugin 'INNODB_LOCKS'
2022-01-29 01:45:09 8928 [Note] Shutting down plugin 'INNODB_TRX'
2022-01-29 01:45:09 8928 [Note] Shutting down plugin 'InnoDB'
2022-01-29 01:45:09 8928 [Note] InnoDB: FTS optimize thread exiting.
2022-01-29 01:45:09 8928 [Note] InnoDB: Starting shutdown...
2022-01-29 01:45:10 8928 [Note] InnoDB: Shutdown completed; log sequence number 2753954
2022-01-29 01:45:10 8928 [Note] Shutting down plugin 'BLACKHOLE'
2022-01-29 01:45:10 8928 [Note] Shutting down plugin 'ARCHIVE'
2022-01-29 01:45:10 8928 [Note] Shutting down plugin 'MRG_MYISAM'
2022-01-29 01:45:10 8928 [Note] Shutting down plugin 'MyISAM'
2022-01-29 01:45:10 8928 [Note] Shutting down plugin 'MEMORY'
2022-01-29 01:45:10 8928 [Note] Shutting down plugin 'CSV'
2022-01-29 01:45:11 8928 [Note] Shutting down plugin 'sha256_password'
2022-01-29 01:45:11 8928 [Note] Shutting down plugin 'mysql_old_password'
2022-01-29 01:45:11 8928 [Note] Shutting down plugin 'mysql_native_password'
2022-01-29 01:45:11 8928 [Note] Shutting down plugin 'binlog'
2022-01-29 01:45:11 8928 [Note] C:\Users\bianc\OneDrive\Documente\GitHub\DataWarehouse\usbwebserver/mysql/bin/mysqld_usbwv8.exe: Shutdown complete

2022-01-29 01:47:59 14764 [Note] Plugin 'FEDERATED' is disabled.
2022-01-29 01:47:59 14764 [Note] InnoDB: Using atomics to ref count buffer pool pages
2022-01-29 01:47:59 14764 [Note] InnoDB: The InnoDB memory heap is disabled
2022-01-29 01:47:59 14764 [Note] InnoDB: Mutexes and rw_locks use Windows interlocked functions
2022-01-29 01:47:59 14764 [Note] InnoDB: Memory barrier is not used
2022-01-29 01:47:59 14764 [Note] InnoDB: Compressed tables use zlib 1.2.3
2022-01-29 01:47:59 14764 [Note] InnoDB: Not using CPU crc32 instructions
2022-01-29 01:47:59 14764 [Note] InnoDB: Initializing buffer pool, size = 128.0M
2022-01-29 01:47:59 14764 [Note] InnoDB: Completed initialization of buffer pool
2022-01-29 01:47:59 14764 [Note] InnoDB: Highest supported file format is Barracuda.
2022-01-29 01:47:59 14764 [Note] InnoDB: 128 rollback segment(s) are active.
2022-01-29 01:47:59 14764 [Note] InnoDB: Waiting for purge to start
2022-01-29 01:48:00 14764 [Note] InnoDB: 5.6.34 started; log sequence number 2753954
2022-01-29 01:48:00 14764 [Note] Server hostname (bind-address): '*'; port: 3306
2022-01-29 01:48:00 14764 [Note] IPv6 is available.
2022-01-29 01:48:00 14764 [Note]   - '::' resolves to '::';
2022-01-29 01:48:00 14764 [Note] Server socket created on IP: '::'.
2022-01-29 01:48:00 14764 [ERROR] Can't start server: Bind on TCP/IP port: No such file or directory
2022-01-29 01:48:00 14764 [ERROR] Do you already have another mysqld server running on port: 3306 ?
2022-01-29 01:48:00 14764 [ERROR] Aborting

2022-01-29 01:48:00 14764 [Note] Binlog end
2022-01-29 01:48:00 14764 [Note] Shutting down plugin 'partition'
2022-01-29 01:48:00 14764 [Note] Shutting down plugin 'PERFORMANCE_SCHEMA'
2022-01-29 01:48:00 14764 [Note] Shutting down plugin 'INNODB_SYS_DATAFILES'
2022-01-29 01:48:00 14764 [Note] Shutting down plugin 'INNODB_SYS_TABLESPACES'
2022-01-29 01:48:00 14764 [Note] Shutting down plugin 'INNODB_SYS_FOREIGN_COLS'
2022-01-29 01:48:00 14764 [Note] Shutting down plugin 'INNODB_SYS_FOREIGN'
2022-01-29 01:48:00 14764 [Note] Shutting down plugin 'INNODB_SYS_FIELDS'
2022-01-29 01:48:00 14764 [Note] Shutting down plugin 'INNODB_SYS_COLUMNS'
2022-01-29 01:48:00 14764 [Note] Shutting down plugin 'INNODB_SYS_INDEXES'
2022-01-29 01:48:00 14764 [Note] Shutting down plugin 'INNODB_SYS_TABLESTATS'
2022-01-29 01:48:00 14764 [Note] Shutting down plugin 'INNODB_SYS_TABLES'
2022-01-29 01:48:00 14764 [Note] Shutting down plugin 'INNODB_FT_INDEX_TABLE'
2022-01-29 01:48:00 14764 [Note] Shutting down plugin 'INNODB_FT_INDEX_CACHE'
2022-01-29 01:48:00 14764 [Note] Shutting down plugin 'INNODB_FT_CONFIG'
2022-01-29 01:48:00 14764 [Note] Shutting down plugin 'INNODB_FT_BEING_DELETED'
2022-01-29 01:48:00 14764 [Note] Shutting down plugin 'INNODB_FT_DELETED'
2022-01-29 01:48:00 14764 [Note] Shutting down plugin 'INNODB_FT_DEFAULT_STOPWORD'
2022-01-29 01:48:00 14764 [Note] Shutting down plugin 'INNODB_METRICS'
2022-01-29 01:48:00 14764 [Note] Shutting down plugin 'INNODB_BUFFER_POOL_STATS'
2022-01-29 01:48:00 14764 [Note] Shutting down plugin 'INNODB_BUFFER_PAGE_LRU'
2022-01-29 01:48:00 14764 [Note] Shutting down plugin 'INNODB_BUFFER_PAGE'
2022-01-29 01:48:00 14764 [Note] Shutting down plugin 'INNODB_CMP_PER_INDEX_RESET'
2022-01-29 01:48:00 14764 [Note] Shutting down plugin 'INNODB_CMP_PER_INDEX'
2022-01-29 01:48:00 14764 [Note] Shutting down plugin 'INNODB_CMPMEM_RESET'
2022-01-29 01:48:00 14764 [Note] Shutting down plugin 'INNODB_CMPMEM'
2022-01-29 01:48:00 14764 [Note] Shutting down plugin 'INNODB_CMP_RESET'
2022-01-29 01:48:00 14764 [Note] Shutting down plugin 'INNODB_CMP'
2022-01-29 01:48:00 14764 [Note] Shutting down plugin 'INNODB_LOCK_WAITS'
2022-01-29 01:48:00 14764 [Note] Shutting down plugin 'INNODB_LOCKS'
2022-01-29 01:48:00 14764 [Note] Shutting down plugin 'INNODB_TRX'
2022-01-29 01:48:00 14764 [Note] Shutting down plugin 'InnoDB'
2022-01-29 01:48:00 14764 [Note] InnoDB: FTS optimize thread exiting.
2022-01-29 01:48:00 14764 [Note] InnoDB: Starting shutdown...
2022-01-29 01:48:01 14764 [Note] InnoDB: Shutdown completed; log sequence number 2753964
2022-01-29 01:48:01 14764 [Note] Shutting down plugin 'BLACKHOLE'
2022-01-29 01:48:01 14764 [Note] Shutting down plugin 'ARCHIVE'
2022-01-29 01:48:01 14764 [Note] Shutting down plugin 'MRG_MYISAM'
2022-01-29 01:48:01 14764 [Note] Shutting down plugin 'MyISAM'
2022-01-29 01:48:01 14764 [Note] Shutting down plugin 'MEMORY'
2022-01-29 01:48:01 14764 [Note] Shutting down plugin 'CSV'
2022-01-29 01:48:01 14764 [Note] Shutting down plugin 'sha256_password'
2022-01-29 01:48:01 14764 [Note] Shutting down plugin 'mysql_old_password'
2022-01-29 01:48:01 14764 [Note] Shutting down plugin 'mysql_native_password'
2022-01-29 01:48:01 14764 [Note] Shutting down plugin 'binlog'
2022-01-29 01:48:01 14764 [Note] C:\Users\bianc\OneDrive\Documente\GitHub\DataWarehouse\usbwebserver/mysql/bin/mysqld_usbwv8.exe: Shutdown complete

